[2023-11-06 14:57:27,852][INFO] [Init] Initiating leg 1
[2023-11-06 14:57:27,857][INFO] [Init] Initiating leg 2
[2023-11-06 14:57:27,862][INFO] [Init] Initiating leg 3
[2023-11-06 14:57:27,866][INFO] [Init] Initiating leg 4
[2023-11-06 14:57:27,871][INFO] [Init] Initialization successful
[2023-11-06 14:57:27,872][INFO] Move. Leg 1 for [-4, 0, -4]
[2023-11-06 14:57:27,872][INFO] Move. Leg 3 for [-4, 0, -4]
[2023-11-06 14:57:27,873][INFO] Move. Leg 1 for [0, 0, 4]
[2023-11-06 14:57:27,873][INFO] Move. Leg 3 for [0, 0, 4]
[2023-11-06 14:57:28,670][INFO] Angle leg1_alpha. Diff:  0.08. Current: 54.24. Target: 54.32.
[2023-11-06 14:57:28,670][INFO] Angle  leg1_beta. Diff: -0.25. Current: 107.04. Target: 106.79.
[2023-11-06 14:57:28,671][INFO] Angle leg1_tetta. Diff:  0.00. Current: 0.0. Target: 0.0.
[2023-11-06 14:57:28,672][INFO] Angle leg2_alpha. Diff: -0.16. Current: 54.48. Target: 54.32.
[2023-11-06 14:57:28,672][INFO] Angle  leg2_beta. Diff:  0.47. Current: 106.32. Target: 106.79.
[2023-11-06 14:57:28,673][INFO] Angle leg2_tetta. Diff:  0.00. Current: 0.0. Target: 0.0.
[2023-11-06 14:57:28,673][INFO] Angle leg3_alpha. Diff: -0.21. Current: 88.08. Target: 87.87.
[2023-11-06 14:57:28,674][INFO] Angle  leg3_beta. Diff:  0.93. Current: 111.36. Target: 112.29.
[2023-11-06 14:57:28,674][INFO] Angle leg3_tetta. Diff: -0.48. Current: 0.48. Target: 0.0.
[2023-11-06 14:57:28,675][INFO] Angle leg4_alpha. Diff:  0.03. Current: 87.84. Target: 87.87.
[2023-11-06 14:57:28,675][INFO] Angle  leg4_beta. Diff:  0.69. Current: 111.6. Target: 112.29.
[2023-11-06 14:57:28,676][INFO] Angle leg4_tetta. Diff:  0.00. Current: 0.0. Target: 0.0.
[2023-11-06 14:57:28,676][INFO] Diff. Sum: 3.30. Max: 0.93
[2023-11-06 14:57:30,045][INFO] Angle leg1_alpha. Diff:  0.10. Current: 51.6. Target: 51.7.
[2023-11-06 14:57:30,046][INFO] Angle  leg1_beta. Diff: -0.26. Current: 82.08. Target: 81.82.
[2023-11-06 14:57:30,046][INFO] Angle leg1_tetta. Diff:  0.00. Current: 0.0. Target: 0.0.
[2023-11-06 14:57:30,046][INFO] Angle leg2_alpha. Diff: -0.16. Current: 54.48. Target: 54.32.
[2023-11-06 14:57:30,047][INFO] Angle  leg2_beta. Diff:  0.23. Current: 106.56. Target: 106.79.
[2023-11-06 14:57:30,047][INFO] Angle leg2_tetta. Diff: -0.24. Current: 0.24. Target: 0.0.
[2023-11-06 14:57:30,047][INFO] Angle leg3_alpha. Diff: -0.22. Current: 67.68. Target: 67.46.
[2023-11-06 14:57:30,048][INFO] Angle  leg3_beta. Diff: -0.72. Current: 73.68. Target: 72.96.
[2023-11-06 14:57:30,048][INFO] Angle leg3_tetta. Diff: -0.72. Current: 0.72. Target: 0.0.
[2023-11-06 14:57:30,048][INFO] Angle leg4_alpha. Diff:  0.03. Current: 87.84. Target: 87.87.
[2023-11-06 14:57:30,049][INFO] Angle  leg4_beta. Diff:  0.69. Current: 111.6. Target: 112.29.
[2023-11-06 14:57:30,049][INFO] Angle leg4_tetta. Diff:  0.00. Current: 0.0. Target: 0.0.
[2023-11-06 14:57:30,049][INFO] Diff. Sum: 3.37. Max: 0.72
[2023-11-06 14:57:31,171][INFO] Angle leg1_alpha. Diff:  0.57. Current: 75.36. Target: 75.93.
[2023-11-06 14:57:31,171][INFO] Angle  leg1_beta. Diff:  1.25. Current: 111.84. Target: 113.09.
[2023-11-06 14:57:31,171][INFO] Angle leg1_tetta. Diff:  0.00. Current: 0.0. Target: 0.0.
[2023-11-06 14:57:31,172][INFO] Angle leg2_alpha. Diff: -0.16. Current: 54.48. Target: 54.32.
[2023-11-06 14:57:31,172][INFO] Angle  leg2_beta. Diff:  0.71. Current: 106.08. Target: 106.79.
[2023-11-06 14:57:31,173][INFO] Angle leg2_tetta. Diff:  0.24. Current: -0.24. Target: 0.0.
[2023-11-06 14:57:31,173][INFO] Angle leg3_alpha. Diff:  0.95. Current: 95.28. Target: 96.23.
[2023-11-06 14:57:31,173][INFO] Angle  leg3_beta. Diff:  0.77. Current: 103.2. Target: 103.97.
[2023-11-06 14:57:31,173][INFO] Angle leg3_tetta. Diff: -0.72. Current: 0.72. Target: 0.0.
[2023-11-06 14:57:31,174][INFO] Angle leg4_alpha. Diff:  0.03. Current: 87.84. Target: 87.87.
[2023-11-06 14:57:31,174][INFO] Angle  leg4_beta. Diff:  0.93. Current: 111.36. Target: 112.29.
[2023-11-06 14:57:31,174][INFO] Angle leg4_tetta. Diff:  0.00. Current: 0.0. Target: 0.0.
[2023-11-06 14:57:31,175][INFO] Diff. Sum: 6.33. Max: 1.25
[2023-11-06 15:03:03,147][INFO] [Init] Initiating leg 1
[2023-11-06 15:03:03,149][INFO] [Init] Initiating leg 2
[2023-11-06 15:03:03,151][INFO] [Init] Initiating leg 3
[2023-11-06 15:03:03,153][INFO] [Init] Initiating leg 4
[2023-11-06 15:03:03,155][INFO] [Init] Initialization successful
[2023-11-06 15:03:03,155][INFO] Move. Leg 1 for [-4, 0, 4]
[2023-11-06 15:03:03,155][INFO] Move. Leg 3 for [-4, 0, 4]
[2023-11-06 15:03:03,155][INFO] Move. Leg 1 for [0, 0, -4]
[2023-11-06 15:03:03,155][INFO] Move. Leg 3 for [0, 0, -4]
[2023-11-06 15:03:03,931][INFO] Angle leg1_alpha. Diff:  0.08. Current: 54.24. Target: 54.32.
[2023-11-06 15:03:03,932][INFO] Angle  leg1_beta. Diff: -0.01. Current: 106.8. Target: 106.79.
[2023-11-06 15:03:03,932][INFO] Angle leg1_tetta. Diff:  0.00. Current: 0.0. Target: 0.0.
[2023-11-06 15:03:03,933][INFO] Angle leg2_alpha. Diff:  0.08. Current: 54.24. Target: 54.32.
[2023-11-06 15:03:03,933][INFO] Angle  leg2_beta. Diff:  0.23. Current: 106.56. Target: 106.79.
[2023-11-06 15:03:03,933][INFO] Angle leg2_tetta. Diff: -0.24. Current: 0.24. Target: 0.0.
[2023-11-06 15:03:03,934][INFO] Angle leg3_alpha. Diff: -0.21. Current: 88.08. Target: 87.87.
[2023-11-06 15:03:03,934][INFO] Angle  leg3_beta. Diff:  0.93. Current: 111.36. Target: 112.29.
[2023-11-06 15:03:03,934][INFO] Angle leg3_tetta. Diff: -0.72. Current: 0.72. Target: 0.0.
[2023-11-06 15:03:03,935][INFO] Angle leg4_alpha. Diff:  0.03. Current: 87.84. Target: 87.87.
[2023-11-06 15:03:03,935][INFO] Angle  leg4_beta. Diff:  0.93. Current: 111.36. Target: 112.29.
[2023-11-06 15:03:03,935][INFO] Angle leg4_tetta. Diff:  0.00. Current: 0.0. Target: 0.0.
[2023-11-06 15:03:03,935][INFO] Diff. Sum: 3.46. Max: 0.93
[2023-11-06 15:03:20,269][INFO] [Init] Initiating leg 1
[2023-11-06 15:03:20,271][INFO] [Init] Initiating leg 2
[2023-11-06 15:03:20,273][INFO] [Init] Initiating leg 3
[2023-11-06 15:03:20,275][INFO] [Init] Initiating leg 4
[2023-11-06 15:03:20,278][INFO] [Init] Initialization successful
[2023-11-06 15:03:20,278][INFO] Move. Leg 1 for [-4, 0, 4]
[2023-11-06 15:03:20,278][INFO] Move. Leg 3 for [-4, 0, 4]
[2023-11-06 15:03:20,279][INFO] Move. Leg 1 for [0, 0, -4]
[2023-11-06 15:03:20,279][INFO] Move. Leg 3 for [0, 0, -4]
[2023-11-06 15:03:21,123][INFO] Angle leg1_alpha. Diff: -0.13. Current: 40.08. Target: 39.95.
[2023-11-06 15:03:21,123][INFO] Angle  leg1_beta. Diff:  0.07. Current: 84.24. Target: 84.31.
[2023-11-06 15:03:21,123][INFO] Angle leg1_tetta. Diff: -0.24. Current: 0.24. Target: 0.0.
[2023-11-06 15:03:21,124][INFO] Angle leg2_alpha. Diff: -0.13. Current: 40.08. Target: 39.95.
[2023-11-06 15:03:21,124][INFO] Angle  leg2_beta. Diff: -0.41. Current: 84.72. Target: 84.31.
[2023-11-06 15:03:21,124][INFO] Angle leg2_tetta. Diff:  0.00. Current: 0.0. Target: 0.0.
[2023-11-06 15:03:21,125][INFO] Angle leg3_alpha. Diff: -0.27. Current: 67.92. Target: 67.65.
[2023-11-06 15:03:21,125][INFO] Angle  leg3_beta. Diff:  0.23. Current: 89.28. Target: 89.51.
[2023-11-06 15:03:21,125][INFO] Angle leg3_tetta. Diff: -0.72. Current: 0.72. Target: 0.0.
[2023-11-06 15:03:21,126][INFO] Angle leg4_alpha. Diff:  0.69. Current: 66.96. Target: 67.65.
[2023-11-06 15:03:21,126][INFO] Angle  leg4_beta. Diff: -0.01. Current: 89.52. Target: 89.51.
[2023-11-06 15:03:21,126][INFO] Angle leg4_tetta. Diff:  0.00. Current: 0.0. Target: 0.0.
[2023-11-06 15:03:21,127][INFO] Diff. Sum: 2.90. Max: 0.72
[2023-11-06 15:03:28,843][INFO] [Init] Initiating leg 1
[2023-11-06 15:03:28,845][INFO] [Init] Initiating leg 2
[2023-11-06 15:03:28,846][INFO] [Init] Initiating leg 3
[2023-11-06 15:03:28,848][INFO] [Init] Initiating leg 4
[2023-11-06 15:03:28,851][INFO] [Init] Initialization successful
[2023-11-06 15:03:28,851][INFO] Move. Leg 1 for [-4, 0, 4]
[2023-11-06 15:03:28,851][INFO] Move. Leg 3 for [-4, 0, 4]
[2023-11-06 15:03:28,851][INFO] Move. Leg 1 for [0, 0, -4]
[2023-11-06 15:03:28,851][INFO] Move. Leg 3 for [0, 0, -4]
[2023-11-06 15:03:29,223][INFO] Angle leg1_alpha. Diff: -0.19. Current: 34.8. Target: 34.61.
[2023-11-06 15:03:29,223][INFO] Angle  leg1_beta. Diff: -0.06. Current: 75.84. Target: 75.78.
[2023-11-06 15:03:29,223][INFO] Angle leg1_tetta. Diff: -0.24. Current: 0.24. Target: 0.0.
[2023-11-06 15:03:29,223][INFO] Angle leg2_alpha. Diff: -0.19. Current: 34.8. Target: 34.61.
[2023-11-06 15:03:29,224][INFO] Angle  leg2_beta. Diff: -0.30. Current: 76.08. Target: 75.78.
[2023-11-06 15:03:29,224][INFO] Angle leg2_tetta. Diff: -0.24. Current: 0.24. Target: 0.0.
[2023-11-06 15:03:29,224][INFO] Angle leg3_alpha. Diff: -0.03. Current: 60.96. Target: 60.93.
[2023-11-06 15:03:29,224][INFO] Angle  leg3_beta. Diff: -0.05. Current: 81.12. Target: 81.07.
[2023-11-06 15:03:29,224][INFO] Angle leg3_tetta. Diff: -0.48. Current: 0.48. Target: 0.0.
[2023-11-06 15:03:29,224][INFO] Angle leg4_alpha. Diff:  0.21. Current: 60.72. Target: 60.93.
[2023-11-06 15:03:29,224][INFO] Angle  leg4_beta. Diff: -0.05. Current: 81.12. Target: 81.07.
[2023-11-06 15:03:29,224][INFO] Angle leg4_tetta. Diff:  0.00. Current: 0.0. Target: 0.0.
[2023-11-06 15:03:29,224][INFO] Diff. Sum: 2.04. Max: 0.48
[2023-11-06 15:03:30,680][INFO] Angle leg1_alpha. Diff:  0.81. Current: 75.12. Target: 75.93.
[2023-11-06 15:03:30,681][INFO] Angle  leg1_beta. Diff:  0.77. Current: 112.32. Target: 113.09.
[2023-11-06 15:03:30,681][INFO] Angle leg1_tetta. Diff:  0.00. Current: 0.0. Target: 0.0.
[2023-11-06 15:03:30,682][INFO] Angle leg2_alpha. Diff: -0.19. Current: 34.8. Target: 34.61.
[2023-11-06 15:03:30,682][INFO] Angle  leg2_beta. Diff: -0.30. Current: 76.08. Target: 75.78.
[2023-11-06 15:03:30,682][INFO] Angle leg2_tetta. Diff: -0.24. Current: 0.24. Target: 0.0.
[2023-11-06 15:03:30,683][INFO] Angle leg3_alpha. Diff:  0.95. Current: 95.28. Target: 96.23.
[2023-11-06 15:03:30,683][INFO] Angle  leg3_beta. Diff:  0.53. Current: 103.44. Target: 103.97.
[2023-11-06 15:03:30,683][INFO] Angle leg3_tetta. Diff: -0.48. Current: 0.48. Target: 0.0.
[2023-11-06 15:03:30,683][INFO] Angle leg4_alpha. Diff:  0.21. Current: 60.72. Target: 60.93.
[2023-11-06 15:03:30,684][INFO] Angle  leg4_beta. Diff: -0.05. Current: 81.12. Target: 81.07.
[2023-11-06 15:03:30,684][INFO] Angle leg4_tetta. Diff:  0.00. Current: 0.0. Target: 0.0.
[2023-11-06 15:03:30,684][INFO] Diff. Sum: 4.53. Max: 0.95
[2023-11-06 15:03:31,789][INFO] Angle leg1_alpha. Diff:  0.10. Current: 51.6. Target: 51.7.
[2023-11-06 15:03:31,790][INFO] Angle  leg1_beta. Diff: -0.02. Current: 81.84. Target: 81.82.
[2023-11-06 15:03:31,790][INFO] Angle leg1_tetta. Diff:  0.00. Current: 0.0. Target: 0.0.
[2023-11-06 15:03:31,790][INFO] Angle leg2_alpha. Diff: -0.19. Current: 34.8. Target: 34.61.
[2023-11-06 15:03:31,791][INFO] Angle  leg2_beta. Diff: -0.06. Current: 75.84. Target: 75.78.
[2023-11-06 15:03:31,791][INFO] Angle leg2_tetta. Diff: -0.24. Current: 0.24. Target: 0.0.
[2023-11-06 15:03:31,791][INFO] Angle leg3_alpha. Diff: -0.22. Current: 67.68. Target: 67.46.
[2023-11-06 15:03:31,792][INFO] Angle  leg3_beta. Diff: -0.48. Current: 73.44. Target: 72.96.
[2023-11-06 15:03:31,792][INFO] Angle leg3_tetta. Diff: -0.48. Current: 0.48. Target: 0.0.
[2023-11-06 15:03:31,792][INFO] Angle leg4_alpha. Diff:  0.21. Current: 60.72. Target: 60.93.
[2023-11-06 15:03:31,793][INFO] Angle  leg4_beta. Diff: -0.05. Current: 81.12. Target: 81.07.
[2023-11-06 15:03:31,793][INFO] Angle leg4_tetta. Diff:  0.00. Current: 0.0. Target: 0.0.
[2023-11-06 15:03:31,793][INFO] Diff. Sum: 2.05. Max: 0.48
[2023-11-06 15:03:45,876][INFO] [Init] Initiating leg 1
[2023-11-06 15:03:45,879][INFO] [Init] Initiating leg 2
[2023-11-06 15:03:45,881][INFO] [Init] Initiating leg 3
[2023-11-06 15:03:45,883][INFO] [Init] Initiating leg 4
[2023-11-06 15:03:45,885][INFO] [Init] Initialization successful
[2023-11-06 15:03:45,885][INFO] Move. Leg 1 for [4, 0, 4]
[2023-11-06 15:03:45,886][INFO] Move. Leg 3 for [4, 0, 4]
[2023-11-06 15:03:45,886][INFO] Move. Leg 1 for [0, 0, -4]
[2023-11-06 15:03:45,886][INFO] Move. Leg 3 for [0, 0, -4]
[2023-11-06 15:03:46,545][INFO] Angle leg1_alpha. Diff: -0.67. Current: 35.28. Target: 34.61.
[2023-11-06 15:03:46,546][INFO] Angle  leg1_beta. Diff: -0.06. Current: 75.84. Target: 75.78.
[2023-11-06 15:03:46,547][INFO] Angle leg1_tetta. Diff: -0.24. Current: 0.24. Target: 0.0.
[2023-11-06 15:03:46,547][INFO] Angle leg2_alpha. Diff: -0.19. Current: 34.8. Target: 34.61.
[2023-11-06 15:03:46,548][INFO] Angle  leg2_beta. Diff: -0.06. Current: 75.84. Target: 75.78.
[2023-11-06 15:03:46,549][INFO] Angle leg2_tetta. Diff:  0.00. Current: 0.0. Target: 0.0.
[2023-11-06 15:03:46,549][INFO] Angle leg3_alpha. Diff: -0.27. Current: 61.2. Target: 60.93.
[2023-11-06 15:03:46,550][INFO] Angle  leg3_beta. Diff:  0.91. Current: 80.16. Target: 81.07.
[2023-11-06 15:03:46,551][INFO] Angle leg3_tetta. Diff: -0.24. Current: 0.24. Target: 0.0.
[2023-11-06 15:03:46,551][INFO] Angle leg4_alpha. Diff:  0.21. Current: 60.72. Target: 60.93.
[2023-11-06 15:03:46,552][INFO] Angle  leg4_beta. Diff: -0.05. Current: 81.12. Target: 81.07.
[2023-11-06 15:03:46,553][INFO] Angle leg4_tetta. Diff:  0.00. Current: 0.0. Target: 0.0.
[2023-11-06 15:03:46,553][INFO] Diff. Sum: 2.90. Max: 0.91
[2023-11-06 15:03:47,704][INFO] Angle leg1_alpha. Diff:  0.00. Current: 29.52. Target: 29.52.
[2023-11-06 15:03:47,705][INFO] Angle  leg1_beta. Diff:  0.56. Current: 92.16. Target: 92.72.
[2023-11-06 15:03:47,711][INFO] Angle leg1_tetta. Diff:  0.00. Current: 0.0. Target: 0.0.
[2023-11-06 15:03:47,711][INFO] Angle leg2_alpha. Diff: -0.43. Current: 35.04. Target: 34.61.
[2023-11-06 15:03:47,711][INFO] Angle  leg2_beta. Diff: -0.06. Current: 75.84. Target: 75.78.
[2023-11-06 15:03:47,712][INFO] Angle leg2_tetta. Diff: -0.24. Current: 0.24. Target: 0.0.
[2023-11-06 15:03:47,712][INFO] Angle leg3_alpha. Diff:  0.46. Current: 70.56. Target: 71.02.
[2023-11-06 15:03:47,712][INFO] Angle  leg3_beta. Diff:  1.65. Current: 110.64. Target: 112.29.
[2023-11-06 15:03:47,713][INFO] Angle leg3_tetta. Diff: -0.48. Current: 0.48. Target: 0.0.
[2023-11-06 15:03:47,713][INFO] Angle leg4_alpha. Diff:  0.21. Current: 60.72. Target: 60.93.
[2023-11-06 15:03:47,713][INFO] Angle  leg4_beta. Diff: -0.05. Current: 81.12. Target: 81.07.
[2023-11-06 15:03:47,714][INFO] Angle leg4_tetta. Diff:  0.00. Current: 0.0. Target: 0.0.
[2023-11-06 15:03:47,714][INFO] Diff. Sum: 4.14. Max: 1.65
[2023-11-06 15:03:48,843][INFO] Angle leg1_alpha. Diff:  0.12. Current: 12.72. Target: 12.84.
[2023-11-06 15:03:48,843][INFO] Angle  leg1_beta. Diff: -0.35. Current: 61.2. Target: 60.85.
[2023-11-06 15:03:48,844][INFO] Angle leg1_tetta. Diff:  0.00. Current: 0.0. Target: 0.0.
[2023-11-06 15:03:48,844][INFO] Angle leg2_alpha. Diff: -0.19. Current: 34.8. Target: 34.61.
[2023-11-06 15:03:48,844][INFO] Angle  leg2_beta. Diff: -0.06. Current: 75.84. Target: 75.78.
[2023-11-06 15:03:48,844][INFO] Angle leg2_tetta. Diff: -0.24. Current: 0.24. Target: 0.0.
[2023-11-06 15:03:48,844][INFO] Angle leg3_alpha. Diff: -0.35. Current: 48.24. Target: 47.89.
[2023-11-06 15:03:48,844][INFO] Angle  leg3_beta. Diff: -0.29. Current: 81.36. Target: 81.07.
[2023-11-06 15:03:48,844][INFO] Angle leg3_tetta. Diff:  0.00. Current: 0.0. Target: 0.0.
[2023-11-06 15:03:48,845][INFO] Angle leg4_alpha. Diff:  0.21. Current: 60.72. Target: 60.93.
[2023-11-06 15:03:48,845][INFO] Angle  leg4_beta. Diff: -0.05. Current: 81.12. Target: 81.07.
[2023-11-06 15:03:48,845][INFO] Angle leg4_tetta. Diff:  0.00. Current: 0.0. Target: 0.0.
[2023-11-06 15:03:48,845][INFO] Diff. Sum: 1.86. Max: 0.35
[2023-11-06 15:03:51,400][INFO] [Init] Initiating leg 1
[2023-11-06 15:03:51,403][INFO] [Init] Initiating leg 2
[2023-11-06 15:03:51,405][INFO] [Init] Initiating leg 3
[2023-11-06 15:03:51,407][INFO] [Init] Initiating leg 4
[2023-11-06 15:03:51,409][INFO] [Init] Initialization successful
[2023-11-06 15:03:51,410][INFO] Move. Leg 1 for [4, 0, 4]
[2023-11-06 15:03:51,410][INFO] Move. Leg 3 for [4, 0, 4]
[2023-11-06 15:03:51,410][INFO] Move. Leg 1 for [0, 0, -4]
[2023-11-06 15:03:51,410][INFO] Move. Leg 3 for [0, 0, -4]
[2023-11-06 15:03:52,225][INFO] Angle leg1_alpha. Diff:  0.77. Current: 33.84. Target: 34.61.
[2023-11-06 15:03:52,225][INFO] Angle  leg1_beta. Diff:  0.66. Current: 75.12. Target: 75.78.
[2023-11-06 15:03:52,226][INFO] Angle leg1_tetta. Diff:  0.00. Current: 0.0. Target: 0.0.
[2023-11-06 15:03:52,226][INFO] Angle leg2_alpha. Diff: -0.19. Current: 34.8. Target: 34.61.
[2023-11-06 15:03:52,226][INFO] Angle  leg2_beta. Diff:  0.18. Current: 75.6. Target: 75.78.
[2023-11-06 15:03:52,227][INFO] Angle leg2_tetta. Diff:  0.00. Current: 0.0. Target: 0.0.
[2023-11-06 15:03:52,227][INFO] Angle leg3_alpha. Diff:  0.93. Current: 60.0. Target: 60.93.
[2023-11-06 15:03:52,227][INFO] Angle  leg3_beta. Diff: -0.29. Current: 81.36. Target: 81.07.
[2023-11-06 15:03:52,228][INFO] Angle leg3_tetta. Diff: -0.48. Current: 0.48. Target: 0.0.
[2023-11-06 15:03:52,228][INFO] Angle leg4_alpha. Diff:  0.21. Current: 60.72. Target: 60.93.
[2023-11-06 15:03:52,228][INFO] Angle  leg4_beta. Diff: -0.05. Current: 81.12. Target: 81.07.
[2023-11-06 15:03:52,229][INFO] Angle leg4_tetta. Diff:  0.00. Current: 0.0. Target: 0.0.
[2023-11-06 15:03:52,229][INFO] Diff. Sum: 3.76. Max: 0.93
[2023-11-06 15:03:53,350][INFO] Angle leg1_alpha. Diff:  0.00. Current: 29.52. Target: 29.52.
[2023-11-06 15:03:53,351][INFO] Angle  leg1_beta. Diff:  0.56. Current: 92.16. Target: 92.72.
[2023-11-06 15:03:53,351][INFO] Angle leg1_tetta. Diff:  0.00. Current: 0.0. Target: 0.0.
[2023-11-06 15:03:53,352][INFO] Angle leg2_alpha. Diff: -0.19. Current: 34.8. Target: 34.61.
[2023-11-06 15:03:53,352][INFO] Angle  leg2_beta. Diff:  0.18. Current: 75.6. Target: 75.78.
[2023-11-06 15:03:53,353][INFO] Angle leg2_tetta. Diff:  0.00. Current: 0.0. Target: 0.0.
[2023-11-06 15:03:53,353][INFO] Angle leg3_alpha. Diff:  0.46. Current: 70.56. Target: 71.02.
[2023-11-06 15:03:53,353][INFO] Angle  leg3_beta. Diff:  1.65. Current: 110.64. Target: 112.29.
[2023-11-06 15:03:53,354][INFO] Angle leg3_tetta. Diff: -0.48. Current: 0.48. Target: 0.0.
[2023-11-06 15:03:53,354][INFO] Angle leg4_alpha. Diff:  0.69. Current: 60.24. Target: 60.93.
[2023-11-06 15:03:53,354][INFO] Angle  leg4_beta. Diff: -0.05. Current: 81.12. Target: 81.07.
[2023-11-06 15:03:53,355][INFO] Angle leg4_tetta. Diff:  0.00. Current: 0.0. Target: 0.0.
[2023-11-06 15:03:53,355][INFO] Diff. Sum: 4.26. Max: 1.65
[2023-11-06 15:03:54,486][INFO] Angle leg1_alpha. Diff: -0.36. Current: 13.2. Target: 12.84.
[2023-11-06 15:03:54,487][INFO] Angle  leg1_beta. Diff: -0.11. Current: 60.96. Target: 60.85.
[2023-11-06 15:03:54,487][INFO] Angle leg1_tetta. Diff:  0.00. Current: 0.0. Target: 0.0.
[2023-11-06 15:03:54,487][INFO] Angle leg2_alpha. Diff: -0.19. Current: 34.8. Target: 34.61.
[2023-11-06 15:03:54,487][INFO] Angle  leg2_beta. Diff: -0.06. Current: 75.84. Target: 75.78.
[2023-11-06 15:03:54,487][INFO] Angle leg2_tetta. Diff: -0.24. Current: 0.24. Target: 0.0.
[2023-11-06 15:03:54,487][INFO] Angle leg3_alpha. Diff: -0.35. Current: 48.24. Target: 47.89.
[2023-11-06 15:03:54,487][INFO] Angle  leg3_beta. Diff: -0.05. Current: 81.12. Target: 81.07.
[2023-11-06 15:03:54,488][INFO] Angle leg3_tetta. Diff:  0.00. Current: 0.0. Target: 0.0.
[2023-11-06 15:03:54,488][INFO] Angle leg4_alpha. Diff:  0.21. Current: 60.72. Target: 60.93.
[2023-11-06 15:03:54,488][INFO] Angle  leg4_beta. Diff: -0.05. Current: 81.12. Target: 81.07.
[2023-11-06 15:03:54,488][INFO] Angle leg4_tetta. Diff:  0.00. Current: 0.0. Target: 0.0.
[2023-11-06 15:03:54,488][INFO] Diff. Sum: 1.62. Max: 0.36
